# JRE version: OpenJDK Runtime Environment (8.0_202-b03) (build 1.8.0_202-release-1483-b03)
# Java VM: OpenJDK 64-Bit Server VM (25.202-b03 mixed mode windows-amd64 compressed oops)
Heap:
 PSYoungGen      total 224768K, used 39975K [0x00000000e0000000, 0x00000000f0100000, 0x0000000100000000)
  eden space 195584K, 13% used [0x00000000e0000000,0x00000000e1a711b8,0x00000000ebf00000)
  from space 29184K, 44% used [0x00000000ebf00000,0x00000000ecb98a98,0x00000000edb80000)
  to   space 27648K, 0% used [0x00000000ee600000,0x00000000ee600000,0x00000000f0100000)
 ParOldGen       total 271360K, used 35483K [0x00000000a0000000, 0x00000000b0900000, 0x00000000e0000000)
  object space 271360K, 13% used [0x00000000a0000000,0x00000000a22a6e50,0x00000000b0900000)
 Metaspace       used 92436K, capacity 95976K, committed 97320K, reserved 1132544K
  class space    used 12273K, capacity 13041K, committed 13360K, reserved 1048576K
GC Heap History (10 events):
Event: 260.061 GC heap before
{Heap before GC invocations=31 (full 4):
 PSYoungGen      total 207360K, used 25238K [0x00000000e0000000, 0x00000000ef880000, 0x0000000100000000)
  eden space 181760K, 0% used [0x00000000e0000000,0x00000000e0000000,0x00000000eb180000)
  from space 25600K, 98% used [0x00000000eb180000,0x00000000eca25be0,0x00000000eca80000)
  to   space 29184K, 0% used [0x00000000edc00000,0x00000000edc00000,0x00000000ef880000)
 ParOldGen       total 144896K, used 143988K [0x00000000a0000000, 0x00000000a8d80000, 0x00000000e0000000)
  object space 144896K, 99% used [0x00000000a0000000,0x00000000a8c9d1b0,0x00000000a8d80000)
 Metaspace       used 88844K, capacity 92798K, committed 92968K, reserved 1128448K
  class space    used 12119K, capacity 12979K, committed 13104K, reserved 1048576K
Event: 260.405 GC heap after
Heap after GC invocations=31 (full 4):
 PSYoungGen      total 207360K, used 0K [0x00000000e0000000, 0x00000000ef880000, 0x0000000100000000)
  eden space 181760K, 0% used [0x00000000e0000000,0x00000000e0000000,0x00000000eb180000)
  from space 25600K, 0% used [0x00000000eb180000,0x00000000eb180000,0x00000000eca80000)
  to   space 29184K, 0% used [0x00000000edc00000,0x00000000edc00000,0x00000000ef880000)
 ParOldGen       total 235520K, used 128896K [0x00000000a0000000, 0x00000000ae600000, 0x00000000e0000000)
  object space 235520K, 54% used [0x00000000a0000000,0x00000000a7de03b0,0x00000000ae600000)
 Metaspace       used 88678K, capacity 92422K, committed 92968K, reserved 1128448K
  class space    used 12063K, capacity 12879K, committed 13104K, reserved 1048576K
}
Event: 264.511 GC heap before
{Heap before GC invocations=32 (full 5):
 PSYoungGen      total 207360K, used 181760K [0x00000000e0000000, 0x00000000ef880000, 0x0000000100000000)
  eden space 181760K, 100% used [0x00000000e0000000,0x00000000eb180000,0x00000000eb180000)
  from space 25600K, 0% used [0x00000000eb180000,0x00000000eb180000,0x00000000eca80000)
  to   space 29184K, 0% used [0x00000000edc00000,0x00000000edc00000,0x00000000ef880000)
 ParOldGen       total 235520K, used 215826K [0x00000000a0000000, 0x00000000ae600000, 0x00000000e0000000)
  object space 235520K, 91% used [0x00000000a0000000,0x00000000ad2c4b48,0x00000000ae600000)
 Metaspace       used 88685K, capacity 92428K, committed 92968K, reserved 1128448K
  class space    used 12066K, capacity 12880K, committed 13104K, reserved 1048576K
Event: 264.755 GC heap after
Heap after GC invocations=32 (full 5):
 PSYoungGen      total 207360K, used 0K [0x00000000e0000000, 0x00000000ef880000, 0x0000000100000000)
  eden space 181760K, 0% used [0x00000000e0000000,0x00000000e0000000,0x00000000eb180000)
  from space 25600K, 0% used [0x00000000eb180000,0x00000000eb180000,0x00000000eca80000)
  to   space 29184K, 0% used [0x00000000edc00000,0x00000000edc00000,0x00000000ef880000)
 ParOldGen       total 271360K, used 141519K [0x00000000a0000000, 0x00000000b0900000, 0x00000000e0000000)
  object space 271360K, 52% used [0x00000000a0000000,0x00000000a8a33f98,0x00000000b0900000)
 Metaspace       used 88685K, capacity 92428K, committed 92968K, reserved 1128448K
  class space    used 12066K, capacity 12880K, committed 13104K, reserved 1048576K
}
Event: 3864.759 GC heap before
{Heap before GC invocations=33 (full 5):
 PSYoungGen      total 207360K, used 106696K [0x00000000e0000000, 0x00000000ef880000, 0x0000000100000000)
  eden space 181760K, 58% used [0x00000000e0000000,0x00000000e6832068,0x00000000eb180000)
  from space 25600K, 0% used [0x00000000eb180000,0x00000000eb180000,0x00000000eca80000)
  to   space 29184K, 0% used [0x00000000edc00000,0x00000000edc00000,0x00000000ef880000)
 ParOldGen       total 271360K, used 141519K [0x00000000a0000000, 0x00000000b0900000, 0x00000000e0000000)
  object space 271360K, 52% used [0x00000000a0000000,0x00000000a8a33f98,0x00000000b0900000)
 Metaspace       used 92240K, capacity 96060K, committed 96552K, reserved 1132544K
  class space    used 12341K, capacity 13189K, committed 13360K, reserved 1048576K
Event: 3864.913 GC heap after
Heap after GC invocations=33 (full 5):
 PSYoungGen      total 224256K, used 4415K [0x00000000e0000000, 0x00000000ef800000, 0x0000000100000000)
  eden space 195584K, 0% used [0x00000000e0000000,0x00000000e0000000,0x00000000ebf00000)
  from space 28672K, 15% used [0x00000000edc00000,0x00000000ee04ff38,0x00000000ef800000)
  to   space 29184K, 0% used [0x00000000ebf00000,0x00000000ebf00000,0x00000000edb80000)
 ParOldGen       total 271360K, used 141527K [0x00000000a0000000, 0x00000000b0900000, 0x00000000e0000000)
  object space 271360K, 52% used [0x00000000a0000000,0x00000000a8a35f98,0x00000000b0900000)
 Metaspace       used 92240K, capacity 96060K, committed 96552K, reserved 1132544K
  class space    used 12341K, capacity 13189K, committed 13360K, reserved 1048576K
}
Event: 3864.913 GC heap before
{Heap before GC invocations=34 (full 6):
 PSYoungGen      total 224256K, used 4415K [0x00000000e0000000, 0x00000000ef800000, 0x0000000100000000)
  eden space 195584K, 0% used [0x00000000e0000000,0x00000000e0000000,0x00000000ebf00000)
  from space 28672K, 15% used [0x00000000edc00000,0x00000000ee04ff38,0x00000000ef800000)
  to   space 29184K, 0% used [0x00000000ebf00000,0x00000000ebf00000,0x00000000edb80000)
 ParOldGen       total 271360K, used 141527K [0x00000000a0000000, 0x00000000b0900000, 0x00000000e0000000)
  object space 271360K, 52% used [0x00000000a0000000,0x00000000a8a35f98,0x00000000b0900000)
 Metaspace       used 92240K, capacity 96060K, committed 96552K, reserved 1132544K
  class space    used 12341K, capacity 13189K, committed 13360K, reserved 1048576K
Event: 3865.716 GC heap after
Heap after GC invocations=34 (full 6):
 PSYoungGen      total 224256K, used 0K [0x00000000e0000000, 0x00000000ef800000, 0x0000000100000000)
  eden space 195584K, 0% used [0x00000000e0000000,0x00000000e0000000,0x00000000ebf00000)
  from space 28672K, 0% used [0x00000000edc00000,0x00000000edc00000,0x00000000ef800000)
  to   space 29184K, 0% used [0x00000000ebf00000,0x00000000ebf00000,0x00000000edb80000)
 ParOldGen       total 271360K, used 35475K [0x00000000a0000000, 0x00000000b0900000, 0x00000000e0000000)
  object space 271360K, 13% used [0x00000000a0000000,0x00000000a22a4e50,0x00000000b0900000)
 Metaspace       used 91494K, capacity 94698K, committed 96552K, reserved 1132544K
  class space    used 12176K, capacity 12886K, committed 13360K, reserved 1048576K
}
Event: 5163.132 GC heap before
{Heap before GC invocations=35 (full 6):
 PSYoungGen      total 224256K, used 195584K [0x00000000e0000000, 0x00000000ef800000, 0x0000000100000000)
  eden space 195584K, 100% used [0x00000000e0000000,0x00000000ebf00000,0x00000000ebf00000)
  from space 28672K, 0% used [0x00000000edc00000,0x00000000edc00000,0x00000000ef800000)
  to   space 29184K, 0% used [0x00000000ebf00000,0x00000000ebf00000,0x00000000edb80000)
 ParOldGen       total 271360K, used 35475K [0x00000000a0000000, 0x00000000b0900000, 0x00000000e0000000)
  object space 271360K, 13% used [0x00000000a0000000,0x00000000a22a4e50,0x00000000b0900000)
 Metaspace       used 92322K, capacity 95798K, committed 97064K, reserved 1132544K
  class space    used 12266K, capacity 13032K, committed 13360K, reserved 1048576K
Event: 5163.254 GC heap after
Heap after GC invocations=35 (full 6):
 PSYoungGen      total 224768K, used 12898K [0x00000000e0000000, 0x00000000f0100000, 0x0000000100000000)
  eden space 195584K, 0% used [0x00000000e0000000,0x00000000e0000000,0x00000000ebf00000)
  from space 29184K, 44% used [0x00000000ebf00000,0x00000000ecb98a98,0x00000000edb80000)
  to   space 27648K, 0% used [0x00000000ee600000,0x00000000ee600000,0x00000000f0100000)
 ParOldGen       total 271360K, used 35483K [0x00000000a0000000, 0x00000000b0900000, 0x00000000e0000000)
  object space 271360K, 13% used [0x00000000a0000000,0x00000000a22a6e50,0x00000000b0900000)
 Metaspace       used 92322K, capacity 95798K, committed 97064K, reserved 1132544K
  class space    used 12266K, capacity 13032K, committed 13360K, reserved 1048576K
}

